<?xml version="1.0" encoding="UTF-8"?>
<!-- Generated by org.testng.reporters.JUnitReportReporter -->
<testsuite skipped="0" hostname="vt-marinellid" name="tests.FansEdgeTest" tests="4" failures="0" timestamp="2020-09-16T17:23:50 CEST" time="82.785" errors="0">
  <testcase name="getBillsCapsDisplayed" time="16.791" classname="tests.FansEdgeTest"/>
  <system-out/>
  <testcase name="getTigerWoodsItems" time="10.920" classname="tests.FansEdgeTest"/>
  <system-out/>
  <testcase name="verifyWrongCredentials" time="8.257" classname="tests.FansEdgeTest"/>
  <system-out/>
  <testcase name="getAllCollegeTeamsDisplayed" time="46.817" classname="tests.FansEdgeTest"/>
  <system-out/>
</testsuite> <!-- tests.FansEdgeTest -->
